info it worked if it ends with ok
verbose cli [ '/home/cloud9/c9/support/node-c9-builds-v4/node-c9-sunos',
verbose cli   '/home/ide_llad/workspaces/npm/bin/npm.js',
verbose cli   'install',
verbose cli   'zepto' ]
info using npm@1.0.1rc6
info using node@v0.4.5
verbose config file /home/cloud9/.npmrc
verbose config file /home/cloud9/c9/support/etc/npmrc
info into /mnt/ws/users/llad/21125 [ 'zepto' ]
verbose cache add [ 'zepto', null ]
info addNamed [ 'zepto', '' ]
verbose addNamed [ null, '' ]
verbose GET zepto
verbose raw, before any munging zepto
verbose url resolving [ 'http://registry.npmjs.org/', './zepto' ]
verbose url resolved http://registry.npmjs.org/zepto
verbose url parsed { protocol: 'http:',
verbose url parsed   slashes: true,
verbose url parsed   host: 'registry.npmjs.org',
verbose url parsed   hostname: 'registry.npmjs.org',
verbose url parsed   pathname: '/zepto',
verbose url parsed   href: 'http://registry.npmjs.org/zepto' }
verbose response http://registry.npmjs.org/zepto
silly chunk {"error":"not_found","reason":"document not found"}
silly chunk 
silly get cb [ 404,
silly get cb   { server: 'CouchDB/1.0.2 (Erlang OTP/R14B)',
silly get cb     date: 'Fri, 06 May 2011 22:37:47 GMT',
silly get cb     'content-type': 'application/json',
silly get cb     'content-length': '52',
silly get cb     'cache-control': 'must-revalidate' } ]
ERR! 404 'zepto' is not in the npm registry.
ERR! 404 You should bug the author to publish it.
ERR! 404 Note that you can also install from a tarball or folder.
ERR! 
ERR! System SunOS 5.11
ERR! command "/home/cloud9/c9/support/node-c9-builds-v4/node-c9-sunos" "/home/ide_llad/workspaces/npm/bin/npm.js" "install" "zepto"
verbose exit [ 1, true ]
